<?xml version="1.0" encoding="UTF-8"?>
<testsuite name="| 3400 | 4 | 2 | 27200.0 |" tests="3" skipped="0" failures="0" errors="0" timestamp="2017-05-14T23:17:11" hostname="Senthamizhs-MacBook-Pro.local" time="0.008">
  <properties/>
  <testcase name="Given principal is 3400, interestRate is 4 and numberOfTime is 2" classname="| 3400 | 4 | 2 | 27200.0 |" time="0.0"/>
  <testcase name="Then The Simple Interest Return for single currency is 27200.0" classname="| 3400 | 4 | 2 | 27200.0 |" time="0.0"/>
  <testcase name="classMethod" classname="| 3400 | 4 | 2 | 27200.0 |" time="0.016"/>
  <system-out><![CDATA[]]></system-out>
  <system-err><![CDATA[May 15, 2017 12:17:11 AM com.java.bestbank.calculator.core.tests.CalculatorSteps testSimpleInterestRateReturn
INFO: testSimpleInterestRateReturn - 27200.0
]]></system-err>
</testsuite>
