<?xml version="1.0" encoding="UTF-8"?>
<testsuite name="| GBP | USD | 1.28864 |" tests="3" skipped="0" failures="0" errors="0" timestamp="2017-05-14T23:17:11" hostname="Senthamizhs-MacBook-Pro.local" time="0.01">
  <properties/>
  <testcase name="Given sourceCurrency is GBP and targetCurrency is USD" classname="| GBP | USD | 1.28864 |" time="0.001"/>
  <testcase name="Then The conversionRate is 1.28864" classname="| GBP | USD | 1.28864 |" time="0.002"/>
  <testcase name="classMethod" classname="| GBP | USD | 1.28864 |" time="0.012"/>
  <system-out><![CDATA[]]></system-out>
  <system-err><![CDATA[May 15, 2017 12:17:11 AM com.java.bestbank.calculator.core.tests.FXCalculatorSteps testFXRate
INFO: 
testFXRate - 1.28864
]]></system-err>
</testsuite>
