<?xml version="1.0" encoding="UTF-8"?>
<testsuite name="| GBP | INR | 9999.99 | 827988.172011 |" tests="3" skipped="0" failures="0" errors="0" timestamp="2017-05-14T23:17:11" hostname="Senthamizhs-MacBook-Pro.local" time="0.006">
  <properties/>
  <testcase name="Given sourceCurrency is GBP, targetCurrency is INR and conversionAmount given as 9999.99" classname="| GBP | INR | 9999.99 | 827988.172011 |" time="0.001"/>
  <testcase name="Then result must be 827988.172011" classname="| GBP | INR | 9999.99 | 827988.172011 |" time="0.0"/>
  <testcase name="classMethod" classname="| GBP | INR | 9999.99 | 827988.172011 |" time="0.017"/>
  <system-out><![CDATA[]]></system-out>
  <system-err><![CDATA[May 15, 2017 12:17:11 AM com.java.bestbank.calculator.core.tests.FXCalculatorSteps testCalculate
INFO: 
testCalculate - 9999.99
May 15, 2017 12:17:11 AM com.java.bestbank.calculator.core.tests.FXCalculatorSteps testCalculate
INFO: 
testCalculate-targetAmount- 827988.172011
]]></system-err>
</testsuite>
