<?xml version="1.0" encoding="UTF-8"?>
<testsuite name="| GBP | EUR | 1.17890 |" tests="3" skipped="0" failures="0" errors="0" timestamp="2017-05-14T23:17:11" hostname="Senthamizhs-MacBook-Pro.local" time="0.029">
  <properties/>
  <testcase name="Given sourceCurrency is GBP and targetCurrency is EUR" classname="| GBP | EUR | 1.17890 |" time="0.007"/>
  <testcase name="Then The conversionRate is 1.17890" classname="| GBP | EUR | 1.17890 |" time="0.0"/>
  <testcase name="classMethod" classname="| GBP | EUR | 1.17890 |" time="0.041"/>
  <system-out><![CDATA[]]></system-out>
  <system-err><![CDATA[May 15, 2017 12:17:11 AM com.java.bestbank.calculator.core.tests.FXCalculatorSteps testFXRate
INFO: 
testFXRate - 1.1789
]]></system-err>
</testsuite>
