<?xml version="1.0" encoding="UTF-8"?>
<testsuite name="| GBP | EUR | 8546.58 | 10075.563162 |" tests="3" skipped="0" failures="0" errors="0" timestamp="2017-05-14T23:17:11" hostname="Senthamizhs-MacBook-Pro.local" time="0.014">
  <properties/>
  <testcase name="Given sourceCurrency is GBP, targetCurrency is EUR and conversionAmount given as 8546.58" classname="| GBP | EUR | 8546.58 | 10075.563162 |" time="0.0"/>
  <testcase name="Then result must be 10075.563162" classname="| GBP | EUR | 8546.58 | 10075.563162 |" time="0.001"/>
  <testcase name="classMethod" classname="| GBP | EUR | 8546.58 | 10075.563162 |" time="0.025"/>
  <system-out><![CDATA[]]></system-out>
  <system-err><![CDATA[May 15, 2017 12:17:11 AM com.java.bestbank.calculator.core.tests.FXCalculatorSteps testCalculate
INFO: 
testCalculate - 8546.58
May 15, 2017 12:17:11 AM com.java.bestbank.calculator.core.tests.FXCalculatorSteps testCalculate
INFO: 
testCalculate-targetAmount- 10075.563162
]]></system-err>
</testsuite>
