<?xml version="1.0" encoding="UTF-8"?>
<testsuite name="| GBP | INR | 82.7989 |" tests="3" skipped="0" failures="0" errors="0" timestamp="2017-05-14T23:17:11" hostname="Senthamizhs-MacBook-Pro.local" time="0.008">
  <properties/>
  <testcase name="Given sourceCurrency is GBP and targetCurrency is INR" classname="| GBP | INR | 82.7989 |" time="0.001"/>
  <testcase name="Then The conversionRate is 82.7989" classname="| GBP | INR | 82.7989 |" time="0.0"/>
  <testcase name="classMethod" classname="| GBP | INR | 82.7989 |" time="0.012"/>
  <system-out><![CDATA[]]></system-out>
  <system-err><![CDATA[May 15, 2017 12:17:11 AM com.java.bestbank.calculator.core.tests.FXCalculatorSteps testFXRate
INFO: 
testFXRate - 82.7989
]]></system-err>
</testsuite>
