<?xml version="1.0" encoding="UTF-8"?>
<testsuite name="Scenario: Calculate Compound Interest Return" tests="3" skipped="0" failures="0" errors="0" timestamp="2017-05-14T23:17:11" hostname="Senthamizhs-MacBook-Pro.local" time="0.007">
  <properties/>
  <testcase name="Given principal is 3400, time is 3, interestRate is 4 and numberOfTime is 2" classname="Scenario: Calculate Compound Interest Return" time="0.001"/>
  <testcase name="Then The Compound Interest is 2475200.0" classname="Scenario: Calculate Compound Interest Return" time="0.0"/>
  <testcase name="classMethod" classname="Scenario: Calculate Compound Interest Return" time="0.175"/>
  <system-out><![CDATA[]]></system-out>
  <system-err><![CDATA[May 15, 2017 12:17:11 AM com.java.bestbank.calculator.core.tests.CalculatorSteps testCompoundInterestRateReturn
INFO: testCompoundInterestRateReturn - 2475200.0
]]></system-err>
</testsuite>
