<?xml version="1.0" encoding="UTF-8"?>
<testsuite name="Scenario: Calculate FX conversion amount in USD" tests="3" skipped="0" failures="0" errors="0" timestamp="2017-05-14T23:17:11" hostname="Senthamizhs-MacBook-Pro.local" time="0.002">
  <properties/>
  <testcase name="Given sourceCurrency is GBP, targetCurrency is USD and conversionAmount given as 100.00" classname="Scenario: Calculate FX conversion amount in USD" time="0.0"/>
  <testcase name="Then result must be 128.864" classname="Scenario: Calculate FX conversion amount in USD" time="0.0"/>
  <testcase name="classMethod" classname="Scenario: Calculate FX conversion amount in USD" time="0.006"/>
  <system-out><![CDATA[]]></system-out>
  <system-err><![CDATA[May 15, 2017 12:17:11 AM com.java.bestbank.calculator.core.tests.FXCalculatorSteps testCalculate
INFO: 
testCalculate - 100.0
May 15, 2017 12:17:11 AM com.java.bestbank.calculator.core.tests.FXCalculatorSteps testCalculate
INFO: 
testCalculate-targetAmount- 128.864
]]></system-err>
</testsuite>
